gyp info it worked if it ends with ok
gyp info using node-gyp@9.0.0
gyp info using node@16.15.0 | darwin | x64
gyp info find Python using Python version 3.8.5 found at "/Users/luhengkuan/opt/anaconda3/bin/python3"
gyp info spawn /Users/luhengkuan/opt/anaconda3/bin/python3
gyp info spawn args [
gyp info spawn args   '/usr/local/lib/node_modules/npm/node_modules/node-gyp/gyp/gyp_main.py',
gyp info spawn args   'binding.gyp',
gyp info spawn args   '-f',
gyp info spawn args   'make',
gyp info spawn args   '-I',
gyp info spawn args   '/Users/luhengkuan/projects/ToDoList/ToDoList/express-mongodb/node_modules/bson/build/config.gypi',
gyp info spawn args   '-I',
gyp info spawn args   '/usr/local/lib/node_modules/npm/node_modules/node-gyp/addon.gypi',
gyp info spawn args   '-I',
gyp info spawn args   '/Users/luhengkuan/Library/Caches/node-gyp/16.15.0/include/node/common.gypi',
gyp info spawn args   '-Dlibrary=shared_library',
gyp info spawn args   '-Dvisibility=default',
gyp info spawn args   '-Dnode_root_dir=/Users/luhengkuan/Library/Caches/node-gyp/16.15.0',
gyp info spawn args   '-Dnode_gyp_dir=/usr/local/lib/node_modules/npm/node_modules/node-gyp',
gyp info spawn args   '-Dnode_lib_file=/Users/luhengkuan/Library/Caches/node-gyp/16.15.0/<(target_arch)/node.lib',
gyp info spawn args   '-Dmodule_root_dir=/Users/luhengkuan/projects/ToDoList/ToDoList/express-mongodb/node_modules/bson',
gyp info spawn args   '-Dnode_engine=v8',
gyp info spawn args   '--depth=.',
gyp info spawn args   '--no-parallel',
gyp info spawn args   '--generator-output',
gyp info spawn args   'build',
gyp info spawn args   '-Goutput_dir=.'
gyp info spawn args ]
gyp info spawn make
gyp info spawn args [ 'BUILDTYPE=Release', '-C', 'build' ]
In file included from ../ext/bson.cc:36:
In file included from ../ext/bson.h:17:
../../nan/nan.h:227:9: error: no template named 'Handle' in namespace 'v8'
  , v8::Handle<v8::String> opt, bool def
    ~~~~^
../../nan/nan.h:242:9: error: no template named 'Handle' in namespace 'v8'
  , v8::Handle<v8::String> opt
    ~~~~^
../../nan/nan.h:249:9: error: no template named 'Handle' in namespace 'v8'
  , v8::Handle<v8::String> opt
    ~~~~^
../../nan/nan.h:338:3: warning: inline variables are a C++17 extension [-Wc++17-extensions]
  NAN_INLINE v8::Local<v8::Signature> NanNew(
  ^
../../nan/nan.h:185:21: note: expanded from macro 'NAN_INLINE'
# define NAN_INLINE inline __attribute__((always_inline))
                    ^
../../nan/nan.h:338:3: warning: 'always_inline' attribute only applies to functions [-Wignored-attributes]
../../nan/nan.h:185:43: note: expanded from macro 'NAN_INLINE'
# define NAN_INLINE inline __attribute__((always_inline))
                                          ^
../../nan/nan.h:338:39: error: redefinition of 'NanNew' as different kind of symbol
  NAN_INLINE v8::Local<v8::Signature> NanNew(
                                      ^
../../nan/nan.h:333:27: note: previous definition is here
  NAN_INLINE v8::Local<T> NanNew(P arg1) {
                          ^
../../nan/nan.h:339:11: error: no member named 'Handle' in namespace 'v8'
      v8::Handle<v8::FunctionTemplate> receiver
      ~~~~^
../../nan/nan.h:339:38: error: expected '(' for function-style cast or type construction
      v8::Handle<v8::FunctionTemplate> receiver
                 ~~~~~~~~~~~~~~~~~~~~^
../../nan/nan.h:339:40: error: use of undeclared identifier 'receiver'
      v8::Handle<v8::FunctionTemplate> receiver
                                       ^
../../nan/nan.h:340:11: error: expected '(' for function-style cast or type construction
    , int argc
      ~~~ ^
../../nan/nan.h:341:11: error: no member named 'Handle' in namespace 'v8'
    , v8::Handle<v8::FunctionTemplate> argv[] = 0) {
      ~~~~^
../../nan/nan.h:341:38: error: expected '(' for function-style cast or type construction
    , v8::Handle<v8::FunctionTemplate> argv[] = 0) {
                 ~~~~~~~~~~~~~~~~~~~~^
../../nan/nan.h:341:45: error: expected expression
    , v8::Handle<v8::FunctionTemplate> argv[] = 0) {
                                            ^
../../nan/nan.h:341:40: error: use of undeclared identifier 'argv'
    , v8::Handle<v8::FunctionTemplate> argv[] = 0) {
                                       ^
../../nan/nan.h:341:51: error: expected ';' at end of declaration
    , v8::Handle<v8::FunctionTemplate> argv[] = 0) {
                                                  ^
                                                  ;
../../nan/nan.h:341:52: error: expected unqualified-id
    , v8::Handle<v8::FunctionTemplate> argv[] = 0) {
                                                   ^
../../nan/nan.h:348:11: error: no template named 'Handle' in namespace 'v8'
    , v8::Handle<v8::Value> data = v8::Handle<v8::Value>()
      ~~~~^
../../nan/nan.h:348:40: error: no member named 'Handle' in namespace 'v8'
    , v8::Handle<v8::Value> data = v8::Handle<v8::Value>()
                                   ~~~~^
../../nan/nan.h:348:56: error: expected '(' for function-style cast or type construction
    , v8::Handle<v8::Value> data = v8::Handle<v8::Value>()
                                              ~~~~~~~~~^
../../nan/nan.h:348:58: error: expected expression
    , v8::Handle<v8::Value> data = v8::Handle<v8::Value>()
                                                         ^
../../nan/nan.h:349:11: error: no template named 'Handle' in namespace 'v8'
    , v8::Handle<v8::Signature> signature = v8::Handle<v8::Signature>()) {
      ~~~~^
fatal error: too many errors emitted, stopping now [-ferror-limit=]
2 warnings and 20 errors generated.
make: *** [Release/obj.target/bson/ext/bson.o] Error 1
gyp ERR! build error 
gyp ERR! stack Error: `make` failed with exit code: 2
gyp ERR! stack     at ChildProcess.onExit (/usr/local/lib/node_modules/npm/node_modules/node-gyp/lib/build.js:194:23)
gyp ERR! stack     at ChildProcess.emit (node:events:527:28)
gyp ERR! stack     at Process.ChildProcess._handle.onexit (node:internal/child_process:291:12)
gyp ERR! System Darwin 21.5.0
gyp ERR! command "/usr/local/bin/node" "/usr/local/lib/node_modules/npm/node_modules/node-gyp/bin/node-gyp.js" "rebuild"
gyp ERR! cwd /Users/luhengkuan/projects/ToDoList/ToDoList/express-mongodb/node_modules/bson
gyp ERR! node -v v16.15.0
gyp ERR! node-gyp -v v9.0.0
gyp ERR! not ok 
